[2022-06-27 08:59:11] [ INFO ] [ProyectoU2CmApplication:22] Hola Mundo
4[2022-06-27 18:17:03] [ INFO ] [ProyectoU2CmApplication:22] Hola Mundo
4[2022-06-27 18:17:28] [ ERROR] [ProyectoU2CmApplication:22] Hola Mundo
4[2022-06-27 18:21:25] [ DEBUG] [ProyectoU2CmApplication:22] Hola Mundo
4[2022-06-27 19:19:19] [ INFO ] [ProyectoU2CmApplication:30] Hola Mundo
4[2022-06-27 19:22:30] [ INFO ] [ProyectoU2CmApplication:30] Hola Mundo
4[2022-06-27 20:13:22] [ INFO ] [ProyectoU2CmApplication:53] Persona [id=4, nombre=Mateo, apellido=Perez]
4[2022-06-27 20:18:34] [ INFO ] [ProyectoU2CmApplication:53] Persona [id=4, nombre=Snatiago, apellido=Velez]
4[2022-06-28 08:55:22] [ INFO ] [ProyectoU2CmApplication:28] **************Se ha insertado el estudiante a DB**************
4[2022-06-28 08:55:22] [ INFO ] [ProyectoU2CmApplication:33] El resultado de la busqueda es:
4[2022-06-28 08:55:22] [ INFO ] [ProyectoU2CmApplication:43] Estudiante [cedula=12454, nombre=Carlos, apellido=Montalvo, carrera=Ing Civil, semestre=3]
4[2022-06-28 08:55:22] [ INFO ] [ProyectoU2CmApplication:44] **************Se ha actualizado el estudiante a DB**************
4[2022-06-28 08:55:22] [ INFO ] [ProyectoU2CmApplication:33] El resultado de la busqueda es:
4[2022-06-28 08:55:22] [ INFO ] [ProyectoU2CmApplication:49] Estudiante [cedula=12454, nombre=Carlos, apellido=Montalvo, carrera=Ing Civil, semestre=4]
4[2022-06-28 08:55:22] [ INFO ] [ProyectoU2CmApplication:51] **************Se ha eliminado el estudiante a DB**************
4[2022-06-28 18:33:33] [ INFO ] [ProyectoU2CmApplication:30] Lista de personas---> [Persona [id=4, nombre=Snatiago, apellido=Velez]]
4[2022-06-28 18:34:48] [ INFO ] [ProyectoU2CmApplication:30] Lista de personas---> [Persona [id=4, nombre=Snatiago, apellido=Velez], Persona [id=2, nombre=Mateo, apellido=Perez]]
4[2022-06-28 19:47:00] [ INFO ] [ProyectoU2CmApplication:33] Persona [id=4, nombre=Snatiago, apellido=Velez]
4[2022-06-28 19:56:15] [ INFO ] [ProyectoU2CmApplication:43] Persona [id=5, nombre=Ricardo, apellido=Montalvo]
4[2022-07-01 16:26:45] [ INFO ] [ProyectoU2CmApplication:50] Estudiante [cedula=123546, nombre=Carlos, apellido=Montalvo, carrera=Arquitectura, semestre=3]
4[2022-07-01 16:27:16] [ INFO ] [ProyectoU2CmApplication:50] El estudiante es: Estudiante [cedula=123546, nombre=Carlos, apellido=Montalvo, carrera=Arquitectura, semestre=3]
4[2022-07-05 19:48:44] [ INFO ] [ProyectoU2CmApplication:45] Persona [id=3, nombre=Mateo, genero=Masculino, cedula=123, apellido=Montalvo]
4[2022-07-05 20:06:59] [ INFO ] [ProyectoU2CmApplication:48] Persona [id=3, nombre=Mateo, genero=Masculino, cedula=123, apellido=Montalvo]
4[2022-07-05 20:06:59] [ INFO ] [ProyectoU2CmApplication:52] lista---Persona [id=2, nombre=Mateo, genero=null, cedula=null, apellido=Montalvo]
4[2022-07-05 20:06:59] [ INFO ] [ProyectoU2CmApplication:52] lista---Persona [id=3, nombre=Mateo, genero=Masculino, cedula=123, apellido=Montalvo]
4[2022-07-05 20:06:59] [ INFO ] [ProyectoU2CmApplication:52] lista---Persona [id=4, nombre=Juan, genero=Masculino, cedula=534, apellido=Montalvo]
4[2022-07-05 20:07:20] [ INFO ] [ProyectoU2CmApplication:52] lista---Persona [id=2, nombre=Mateo, genero=null, cedula=null, apellido=Montalvo]
4[2022-07-05 20:07:20] [ INFO ] [ProyectoU2CmApplication:52] lista---Persona [id=3, nombre=Mateo, genero=Masculino, cedula=123, apellido=Montalvo]
4[2022-07-05 20:07:20] [ INFO ] [ProyectoU2CmApplication:52] lista---Persona [id=4, nombre=Juan, genero=Masculino, cedula=534, apellido=Montalvo]
4[2022-07-08 18:30:40] [ INFO ] [ProyectoU2CmApplication:52] lista---Persona [id=2, nombre=Mateo, genero=null, cedula=null, apellido=Montalvo]
4[2022-07-08 18:30:40] [ INFO ] [ProyectoU2CmApplication:52] lista---Persona [id=3, nombre=Mateo, genero=Masculino, cedula=123, apellido=Montalvo]
4[2022-07-08 18:30:40] [ INFO ] [ProyectoU2CmApplication:52] lista---Persona [id=4, nombre=Juan, genero=Masculino, cedula=534, apellido=Montalvo]
4[2022-07-08 18:41:28] [ INFO ] [ProyectoU2CmApplication:35] lista1---Persona [id=2, nombre=Mateo, genero=null, cedula=null, apellido=Montalvo]
4[2022-07-08 18:41:28] [ INFO ] [ProyectoU2CmApplication:35] lista1---Persona [id=3, nombre=Mateo, genero=Masculino, cedula=123, apellido=Montalvo]
4[2022-07-08 18:41:28] [ INFO ] [ProyectoU2CmApplication:38] segunda lista
4[2022-07-08 18:41:28] [ INFO ] [ProyectoU2CmApplication:42] lista2---Persona [id=3, nombre=Mateo, genero=Masculino, cedula=123, apellido=Montalvo]
4[2022-07-08 18:41:28] [ INFO ] [ProyectoU2CmApplication:42] lista2---Persona [id=4, nombre=Juan, genero=Masculino, cedula=534, apellido=Montalvo]
4[2022-07-08 19:14:35] [ INFO ] [ProyectoU2CmApplication:43] Cantidad Registros actualizados: 0
4[2022-07-08 19:15:24] [ INFO ] [ProyectoU2CmApplication:43] Cantidad Registros actualizados: 0
4[2022-07-08 19:15:54] [ INFO ] [ProyectoU2CmApplication:43] Cantidad Registros actualizados: 0
4[2022-07-08 19:16:49] [ INFO ] [ProyectoU2CmApplication:43] Cantidad Registros actualizados: 0
4[2022-07-08 19:17:03] [ INFO ] [ProyectoU2CmApplication:43] Cantidad Registros actualizados: 0
4[2022-07-08 19:17:53] [ INFO ] [ProyectoU2CmApplication:43] Cantidad Registros actualizados: 0
4[2022-07-08 19:18:24] [ INFO ] [ProyectoU2CmApplication:43] Cantidad Registros actualizados: 0
4[2022-07-08 19:25:06] [ INFO ] [ProyectoU2CmApplication:43] Cantidad Registros actualizados: 0
4[2022-07-08 19:26:54] [ INFO ] [ProyectoU2CmApplication:43] Cantidad Registros actualizados: 1
4[2022-07-08 19:40:08] [ INFO ] [ProyectoU2CmApplication:43] Cantidad Registros actualizados: 1
4[2022-07-08 19:41:01] [ INFO ] [ProyectoU2CmApplication:43] Cantidad Registros actualizados: 1
4[2022-07-08 19:41:01] [ INFO ] [ProyectoU2CmApplication:47] Cantidad Registros actualizados: 2
4[2022-07-11 19:10:52] [ INFO ] [ProyectoU2CmApplication:35] Persona [id=4, nombre=Juan, genero=Masculino, cedula=534, apellido=Montalvo] forma 1
4[2022-07-11 19:10:52] [ INFO ] [ProyectoU2CmApplication:37] Persona [id=4, nombre=Juan, genero=Masculino, cedula=534, apellido=Montalvo] forma 2
4[2022-07-11 19:10:52] [ INFO ] [ProyectoU2CmApplication:39] Persona [id=4, nombre=Juan, genero=Masculino, cedula=534, apellido=Montalvo] forma 3
4[2022-07-11 19:10:52] [ INFO ] [ProyectoU2CmApplication:41] Persona [id=4, nombre=Juan, genero=Masculino, cedula=534, apellido=Montalvo] forma 4
4[2022-07-11 19:46:43] [ INFO ] [ProyectoU2CmApplication:36] Persona [id=4, nombre=Juan, genero=Masculino, cedula=534, apellido=Montalvo] forma Query
4[2022-07-11 19:46:43] [ INFO ] [ProyectoU2CmApplication:38] Persona [id=4, nombre=Juan, genero=Masculino, cedula=534, apellido=Montalvo] forma Typed Query
4[2022-07-11 19:46:43] [ INFO ] [ProyectoU2CmApplication:40] Persona [id=4, nombre=Juan, genero=Masculino, cedula=534, apellido=Montalvo] forma Named Query
4[2022-07-11 19:46:43] [ INFO ] [ProyectoU2CmApplication:42] Persona [id=4, nombre=Juan, genero=Masculino, cedula=534, apellido=Montalvo] forma Named Typed Query
4[2022-07-11 19:46:43] [ INFO ] [ProyectoU2CmApplication:46] listaNombreApellido---Persona [id=2, nombre=Mateo, genero=null, cedula=null, apellido=Montalvo]
4[2022-07-11 19:46:43] [ INFO ] [ProyectoU2CmApplication:46] listaNombreApellido---Persona [id=3, nombre=Mateo, genero=Masculino, cedula=123, apellido=Montalvo]
4[2022-07-11 19:55:20] [ INFO ] [ProyectoU2CmApplication:36] Persona [id=4, nombre=Juan, genero=Masculino, cedula=534, apellido=Montalvo] forma Query
4[2022-07-11 19:55:20] [ INFO ] [ProyectoU2CmApplication:38] Persona [id=4, nombre=Juan, genero=Masculino, cedula=534, apellido=Montalvo] forma Typed Query
4[2022-07-11 19:55:20] [ INFO ] [ProyectoU2CmApplication:40] Persona [id=4, nombre=Juan, genero=Masculino, cedula=534, apellido=Montalvo] forma Named Query
4[2022-07-11 19:55:20] [ INFO ] [ProyectoU2CmApplication:42] Persona [id=4, nombre=Juan, genero=Masculino, cedula=534, apellido=Montalvo] forma Named Typed Query
4[2022-07-11 19:55:20] [ INFO ] [ProyectoU2CmApplication:46] listaNombreApellido---Persona [id=2, nombre=Mateo, genero=null, cedula=null, apellido=Montalvo]
4[2022-07-11 19:55:20] [ INFO ] [ProyectoU2CmApplication:46] listaNombreApellido---Persona [id=3, nombre=Mateo, genero=Masculino, cedula=123, apellido=Montalvo]
4